Using pre-set license
Built from '2020.3/release' branch; Version is '2020.3.7f1 (dd97f2c94397) revision 14522354'; Using compiler version '192528614'; Build Type 'Release'
OS: 'Windows 10 Enterprise LTSC 2019; OS build 17763.1817; Version 1809; 64bit' Language: 'ru' Physical Memory: 8124 MB
BatchMode: 1, IsHumanControllingUs: 0, StartBugReporterOnCrash: 0, Is64bit: 1, IsPro: 0

 COMMAND LINE ARGUMENTS:
D:\MyProjectsForUnity\2020.3.7f1\Editor\Unity.exe
-adb2
-batchMode
-noUpm
-name
AssetImportWorker0
-projectPath
D:/GitHub/Space_Pirates/Space_Pirates
-logFile
Logs/AssetImportWorker0.log
-srvPort
51868
Successfully changed project path to: D:/GitHub/Space_Pirates/Space_Pirates
D:/GitHub/Space_Pirates/Space_Pirates
Using Asset Import Pipeline V2.
Refreshing native plugins compatible for Editor in 49.97 ms, found 0 plugins.
Preloading 0 native plugins for Editor in 0.00 ms.
Initialize engine version: 2020.3.7f1 (dd97f2c94397)
[Subsystems] Discovering subsystems at path D:/MyProjectsForUnity/2020.3.7f1/Editor/Data/Resources/UnitySubsystems
[Subsystems] Discovering subsystems at path D:/GitHub/Space_Pirates/Space_Pirates/Assets
GfxDevice: creating device client; threaded=0
Direct3D:
    Version:  Direct3D 11.0 [level 11.1]
    Renderer: NVIDIA GeForce GTX 1050 Ti (ID=0x1c82)
    Vendor:   
    VRAM:     4018 MB
    Driver:   27.21.14.6627
Initialize mono
Mono path[0] = 'D:/MyProjectsForUnity/2020.3.7f1/Editor/Data/Managed'
Mono path[1] = 'D:/MyProjectsForUnity/2020.3.7f1/Editor/Data/MonoBleedingEdge/lib/mono/unityjit'
Mono config path = 'D:/MyProjectsForUnity/2020.3.7f1/Editor/Data/MonoBleedingEdge/etc'
Using monoOptions --debugger-agent=transport=dt_socket,embedding=1,server=y,suspend=n,address=127.0.0.1:56732
Begin MonoManager ReloadAssembly
Registering precompiled unity dll's ...
Register platform support module: D:/MyProjectsForUnity/2020.3.7f1/Editor/Data/PlaybackEngines/WindowsStandaloneSupport/UnityEditor.WindowsStandalone.Extensions.dll
Registered in 0.001450 seconds.
Native extension for WindowsStandalone target not found
Refreshing native plugins compatible for Editor in 53.06 ms, found 0 plugins.
Preloading 0 native plugins for Editor in 0.00 ms.
Mono: successfully reloaded assembly
- Completed reload, in  2.331 seconds
Platform modules already initialized, skipping
Registering precompiled user dll's ...
Registered in 0.000803 seconds.
Begin MonoManager ReloadAssembly
Native extension for WindowsStandalone target not found
Refreshing native plugins compatible for Editor in 0.40 ms, found 0 plugins.
Preloading 0 native plugins for Editor in 0.00 ms.
Mono: successfully reloaded assembly
- Completed reload, in  1.162 seconds
Platform modules already initialized, skipping
========================================================================
Worker process is ready to serve import requests
Launched and connected shader compiler UnityShaderCompiler.exe after 0.10 seconds
Refreshing native plugins compatible for Editor in 0.40 ms, found 0 plugins.
Preloading 0 native plugins for Editor in 0.00 ms.
Unloading 1125 Unused Serialized files (Serialized files now loaded: 0)
System memory in use before: 60.2 MB.
System memory in use after: 60.3 MB.

Unloading 10 unused Assets to reduce memory usage. Loaded Objects now: 1568.
Total: 2.140600 ms (FindLiveObjects: 0.145800 ms CreateObjectMapping: 0.062100 ms MarkObjects: 1.825900 ms  DeleteObjects: 0.105400 ms)

========================================================================
Received Import Request.
  path: Assets/Scenes
  artifactKey: Guid(5773d74fb73d36d45b95145a8827cfa9) Importer(815301076,1909f56bfc062723c751e8b465ee728b)
Start importing Assets/Scenes using Guid(5773d74fb73d36d45b95145a8827cfa9) Importer(815301076,1909f56bfc062723c751e8b465ee728b)  -> (artifact id: 'd75bf030ecf5d4d78dec613a7263d916') in 0.037611 seconds
  Import took 0.040478 seconds .

========================================================================
Received Import Request.
  Time since last request: 2.797158 seconds.
  path: Assets/Scenes/Menu.unity
  artifactKey: Guid(144ee238ba236b34d8d11f7c756ee3ba) Importer(815301076,1909f56bfc062723c751e8b465ee728b)
Start importing Assets/Scenes/Menu.unity using Guid(144ee238ba236b34d8d11f7c756ee3ba) Importer(815301076,1909f56bfc062723c751e8b465ee728b)  -> (artifact id: '0cbaf7901d41cb547205430e93525485') in 0.055175 seconds
  Import took 0.057743 seconds .

========================================================================
Received Import Request.
  Time since last request: 30.145065 seconds.
  path: Assets/Scenes/SampleScene.unity
  artifactKey: Guid(9fc0d4010bbf28b4594072e72b8655ab) Importer(815301076,1909f56bfc062723c751e8b465ee728b)
Start importing Assets/Scenes/SampleScene.unity using Guid(9fc0d4010bbf28b4594072e72b8655ab) Importer(815301076,1909f56bfc062723c751e8b465ee728b)  -> (artifact id: '73375568fee951cd03f03eadad72722f') in 0.035767 seconds
  Import took 0.038347 seconds .

========================================================================
Received Prepare
Registering precompiled user dll's ...
Registered in 0.000762 seconds.
Begin MonoManager ReloadAssembly
Native extension for WindowsStandalone target not found
Refreshing native plugins compatible for Editor in 0.40 ms, found 0 plugins.
Preloading 0 native plugins for Editor in 0.00 ms.
Mono: successfully reloaded assembly
- Completed reload, in  1.068 seconds
Platform modules already initialized, skipping
Refreshing native plugins compatible for Editor in 0.46 ms, found 0 plugins.
Preloading 0 native plugins for Editor in 0.00 ms.
Unloading 1118 Unused Serialized files (Serialized files now loaded: 0)
System memory in use before: 60.0 MB.
System memory in use after: 60.0 MB.

Unloading 5 unused Assets to reduce memory usage. Loaded Objects now: 1571.
Total: 1.981800 ms (FindLiveObjects: 0.140500 ms CreateObjectMapping: 0.063500 ms MarkObjects: 1.715600 ms  DeleteObjects: 0.060900 ms)

========================================================================
Received Import Request.
  Time since last request: 5.728708 seconds.
  path: Assets/Scenes/Game
  artifactKey: Guid(42c7a7a119efb9d4a99d69d3cad26c05) Importer(815301076,1909f56bfc062723c751e8b465ee728b)
Start importing Assets/Scenes/Game using Guid(42c7a7a119efb9d4a99d69d3cad26c05) Importer(815301076,1909f56bfc062723c751e8b465ee728b)  -> (artifact id: '2de85365a33528d0f5340d989d7a8197') in 0.036441 seconds
  Import took 0.038911 seconds .

========================================================================
Received Import Request.
  Time since last request: 0.000344 seconds.
  path: Assets/Scenes/Game.unity
  artifactKey: Guid(793067704789b5a42b8508169da43351) Importer(815301076,1909f56bfc062723c751e8b465ee728b)
Start importing Assets/Scenes/Game.unity using Guid(793067704789b5a42b8508169da43351) Importer(815301076,1909f56bfc062723c751e8b465ee728b)  -> (artifact id: 'ba570e3e4b12ae6ea1c5dcb82a5ecc64') in 0.045777 seconds
  Import took 0.048101 seconds .

========================================================================
Received Import Request.
  Time since last request: 0.057947 seconds.
  path: Assets/Scenes/Game/NavMesh.asset
  artifactKey: Guid(5cfcb8936ecb8aa41bd5309d0fb79106) Importer(815301076,1909f56bfc062723c751e8b465ee728b)
Start importing Assets/Scenes/Game/NavMesh.asset using Guid(5cfcb8936ecb8aa41bd5309d0fb79106) Importer(815301076,1909f56bfc062723c751e8b465ee728b)  -> (artifact id: '89e61e12bc94928c693e2eea117f7165') in 0.070160 seconds
  Import took 0.072800 seconds .

